[Wed Oct 01 21:49:04.904301 2025] [mpm_winnt:notice] [pid 9452:tid 480] AH00455: Apache/2.4.58 (Win64) PHP/8.3.0 configured -- resuming normal operations
[Wed Oct 01 21:49:04.904301 2025] [mpm_winnt:notice] [pid 9452:tid 480] AH00456: Apache Lounge VS17 Server built: Oct 18 2023 13:03:18
[Wed Oct 01 21:49:04.904301 2025] [core:notice] [pid 9452:tid 480] AH00094: Command line: 'C:\\Users\\ruben\\Documents\\GitHub\\PSS-LABS\\LAB_#03\\core\\apache2\\bin\\httpd_z.exe -d C:/Users/ruben/Documents/GitHub/PSS-LABS/LAB_#03/core/apache2 -f C:\\Users\\ruben\\Documents\\GitHub\\PSS-LABS\\LAB_#03\\core\\apache2\\conf\\httpd.conf -d C:\\Users\\ruben\\Documents\\GitHub\\PSS-LABS\\LAB_#03\\core\\apache2'
[Wed Oct 01 21:49:04.909795 2025] [mpm_winnt:notice] [pid 9452:tid 480] AH00418: Parent: Created child process 15952
[Wed Oct 01 21:49:05.410265 2025] [mpm_winnt:notice] [pid 15952:tid 496] AH00354: Child: Starting 150 worker threads.
[Wed Oct 08 14:05:51.003804 2025] [core:warn] [pid 3740:tid 452] AH00098: pid file C:/Users/ruben/Documents/GitHub/PSS-LABS/LAB_#03/core/apache2/logs/httpd.pid overwritten -- Unclean shutdown of previous Apache run?
[Wed Oct 08 14:05:51.114762 2025] [mpm_winnt:notice] [pid 3740:tid 452] AH00455: Apache/2.4.58 (Win64) PHP/8.3.0 configured -- resuming normal operations
[Wed Oct 08 14:05:51.114762 2025] [mpm_winnt:notice] [pid 3740:tid 452] AH00456: Apache Lounge VS17 Server built: Oct 18 2023 13:03:18
[Wed Oct 08 14:05:51.114762 2025] [core:notice] [pid 3740:tid 452] AH00094: Command line: 'C:\\Users\\ruben\\Documents\\GitHub\\PSS-LABS\\LAB_#03\\core\\apache2\\bin\\httpd_z.exe -d C:/Users/ruben/Documents/GitHub/PSS-LABS/LAB_#03/core/apache2 -f C:\\Users\\ruben\\Documents\\GitHub\\PSS-LABS\\LAB_#03\\core\\apache2\\conf\\httpd.conf -d C:\\Users\\ruben\\Documents\\GitHub\\PSS-LABS\\LAB_#03\\core\\apache2'
[Wed Oct 08 14:05:51.114762 2025] [mpm_winnt:notice] [pid 3740:tid 452] AH00418: Parent: Created child process 21852
[Wed Oct 08 14:05:51.511575 2025] [mpm_winnt:notice] [pid 21852:tid 452] AH00354: Child: Starting 150 worker threads.
[Wed Oct 08 14:34:18.727868 2025] [php:warn] [pid 21852:tid 1836] [client ::1:62737] PHP Warning:  Undefined variable $nbpsp in C:\\Users\\ruben\\Documents\\GitHub\\PSS-LABS\\LAB_#03\\www\\PSS\\index.php on line 66, referer: http://localhost/PSS/index.php
[Wed Oct 08 15:21:11.183338 2025] [php:warn] [pid 21852:tid 1844] [client ::1:60967] PHP Warning:  Undefined variable $password_hash in C:\\Users\\ruben\\Documents\\GitHub\\PSS-LABS\\LAB_#03\\www\\PSS\\index.php on line 68, referer: http://localhost/PSS/index.php
[Wed Oct 08 15:21:11.183338 2025] [php:notice] [pid 21852:tid 1844] [client ::1:60967] PHP Deprecated:  password_verify(): Passing null to parameter #2 ($hash) of type string is deprecated in C:\\Users\\ruben\\Documents\\GitHub\\PSS-LABS\\LAB_#03\\www\\PSS\\index.php on line 68, referer: http://localhost/PSS/index.php
[Wed Oct 08 15:21:31.730293 2025] [php:warn] [pid 21852:tid 1844] [client ::1:59373] PHP Warning:  Undefined variable $password_hash in C:\\Users\\ruben\\Documents\\GitHub\\PSS-LABS\\LAB_#03\\www\\PSS\\index.php on line 68, referer: http://localhost/PSS/index.php
[Wed Oct 08 15:21:31.730293 2025] [php:notice] [pid 21852:tid 1844] [client ::1:59373] PHP Deprecated:  password_verify(): Passing null to parameter #2 ($hash) of type string is deprecated in C:\\Users\\ruben\\Documents\\GitHub\\PSS-LABS\\LAB_#03\\www\\PSS\\index.php on line 68, referer: http://localhost/PSS/index.php
[Wed Oct 08 16:20:40.744896 2025] [core:warn] [pid 5348:tid 452] AH00098: pid file C:/Users/ruben/Documents/GitHub/PSS-LABS/LAB_#03/core/apache2/logs/httpd.pid overwritten -- Unclean shutdown of previous Apache run?
[Wed Oct 08 16:20:40.777126 2025] [mpm_winnt:notice] [pid 5348:tid 452] AH00455: Apache/2.4.58 (Win64) PHP/8.3.0 configured -- resuming normal operations
[Wed Oct 08 16:20:40.777126 2025] [mpm_winnt:notice] [pid 5348:tid 452] AH00456: Apache Lounge VS17 Server built: Oct 18 2023 13:03:18
[Wed Oct 08 16:20:40.777126 2025] [core:notice] [pid 5348:tid 452] AH00094: Command line: 'C:\\Users\\ruben\\Documents\\GitHub\\PSS-LABS\\LAB_#03\\core\\apache2\\bin\\httpd_z.exe -d C:/Users/ruben/Documents/GitHub/PSS-LABS/LAB_#03/core/apache2 -f C:\\Users\\ruben\\Documents\\GitHub\\PSS-LABS\\LAB_#03\\core\\apache2\\conf\\httpd.conf -d C:\\Users\\ruben\\Documents\\GitHub\\PSS-LABS\\LAB_#03\\core\\apache2'
[Wed Oct 08 16:20:40.777126 2025] [mpm_winnt:notice] [pid 5348:tid 452] AH00418: Parent: Created child process 7488
[Wed Oct 08 16:20:41.238719 2025] [mpm_winnt:notice] [pid 7488:tid 464] AH00354: Child: Starting 150 worker threads.
[Wed Oct 08 16:20:54.889457 2025] [php:warn] [pid 7488:tid 1852] [client ::1:53337] PHP Warning:  file_get_contents(LAB_#04/API/files/temperatura/valor.txt): Failed to open stream: No such file or directory in C:\\Users\\ruben\\Documents\\GitHub\\PSS-LABS\\LAB_#03\\www\\PSS\\dashboard.php on line 8, referer: http://localhost/PSS/
[Wed Oct 08 16:20:54.889457 2025] [php:warn] [pid 7488:tid 1852] [client ::1:53337] PHP Warning:  file_get_contents(LAB_#04/API/files/temperatura/hora.txt): Failed to open stream: No such file or directory in C:\\Users\\ruben\\Documents\\GitHub\\PSS-LABS\\LAB_#03\\www\\PSS\\dashboard.php on line 9, referer: http://localhost/PSS/
[Wed Oct 08 16:20:54.889457 2025] [php:warn] [pid 7488:tid 1852] [client ::1:53337] PHP Warning:  file_get_contents(LAB_#04/API/files/temperatura/nome.txt): Failed to open stream: No such file or directory in C:\\Users\\ruben\\Documents\\GitHub\\PSS-LABS\\LAB_#03\\www\\PSS\\dashboard.php on line 10, referer: http://localhost/PSS/
[Wed Oct 08 16:21:33.954917 2025] [php:warn] [pid 7488:tid 1852] [client ::1:61698] PHP Warning:  file_get_contents(LAB_#04/API/files/temperatura/valor.txt): Failed to open stream: No such file or directory in C:\\Users\\ruben\\Documents\\GitHub\\PSS-LABS\\LAB_#03\\www\\PSS\\dashboard.php on line 8, referer: http://localhost/PSS/
[Wed Oct 08 16:21:33.954917 2025] [php:warn] [pid 7488:tid 1852] [client ::1:61698] PHP Warning:  file_get_contents(C:\\Users\ruben\\Documents\\GitHub\\PSS-LABS\\LAB_#04\\API\x0ciles\temperatura\\hora.txt): Failed to open stream: No such file or directory in C:\\Users\\ruben\\Documents\\GitHub\\PSS-LABS\\LAB_#03\\www\\PSS\\dashboard.php on line 9, referer: http://localhost/PSS/
[Wed Oct 08 16:21:33.954917 2025] [php:warn] [pid 7488:tid 1852] [client ::1:61698] PHP Warning:  file_get_contents(LAB_#04/API/files/temperatura/nome.txt): Failed to open stream: No such file or directory in C:\\Users\\ruben\\Documents\\GitHub\\PSS-LABS\\LAB_#03\\www\\PSS\\dashboard.php on line 10, referer: http://localhost/PSS/
[Wed Oct 08 16:21:34.108700 2025] [php:warn] [pid 7488:tid 1852] [client ::1:61698] PHP Warning:  file_get_contents(LAB_#04/API/files/temperatura/valor.txt): Failed to open stream: No such file or directory in C:\\Users\\ruben\\Documents\\GitHub\\PSS-LABS\\LAB_#03\\www\\PSS\\dashboard.php on line 8, referer: http://localhost/PSS/
[Wed Oct 08 16:21:34.109731 2025] [php:warn] [pid 7488:tid 1852] [client ::1:61698] PHP Warning:  file_get_contents(C:\\Users\ruben\\Documents\\GitHub\\PSS-LABS\\LAB_#04\\API\x0ciles\temperatura\\hora.txt): Failed to open stream: No such file or directory in C:\\Users\\ruben\\Documents\\GitHub\\PSS-LABS\\LAB_#03\\www\\PSS\\dashboard.php on line 9, referer: http://localhost/PSS/
[Wed Oct 08 16:21:34.109731 2025] [php:warn] [pid 7488:tid 1852] [client ::1:61698] PHP Warning:  file_get_contents(LAB_#04/API/files/temperatura/nome.txt): Failed to open stream: No such file or directory in C:\\Users\\ruben\\Documents\\GitHub\\PSS-LABS\\LAB_#03\\www\\PSS\\dashboard.php on line 10, referer: http://localhost/PSS/
[Wed Oct 08 16:21:34.267500 2025] [php:warn] [pid 7488:tid 1852] [client ::1:61698] PHP Warning:  file_get_contents(LAB_#04/API/files/temperatura/valor.txt): Failed to open stream: No such file or directory in C:\\Users\\ruben\\Documents\\GitHub\\PSS-LABS\\LAB_#03\\www\\PSS\\dashboard.php on line 8, referer: http://localhost/PSS/
[Wed Oct 08 16:21:34.267500 2025] [php:warn] [pid 7488:tid 1852] [client ::1:61698] PHP Warning:  file_get_contents(C:\\Users\ruben\\Documents\\GitHub\\PSS-LABS\\LAB_#04\\API\x0ciles\temperatura\\hora.txt): Failed to open stream: No such file or directory in C:\\Users\\ruben\\Documents\\GitHub\\PSS-LABS\\LAB_#03\\www\\PSS\\dashboard.php on line 9, referer: http://localhost/PSS/
[Wed Oct 08 16:21:34.267500 2025] [php:warn] [pid 7488:tid 1852] [client ::1:61698] PHP Warning:  file_get_contents(LAB_#04/API/files/temperatura/nome.txt): Failed to open stream: No such file or directory in C:\\Users\\ruben\\Documents\\GitHub\\PSS-LABS\\LAB_#03\\www\\PSS\\dashboard.php on line 10, referer: http://localhost/PSS/
[Wed Oct 08 16:21:34.432682 2025] [php:warn] [pid 7488:tid 1852] [client ::1:61698] PHP Warning:  file_get_contents(LAB_#04/API/files/temperatura/valor.txt): Failed to open stream: No such file or directory in C:\\Users\\ruben\\Documents\\GitHub\\PSS-LABS\\LAB_#03\\www\\PSS\\dashboard.php on line 8, referer: http://localhost/PSS/
[Wed Oct 08 16:21:34.432682 2025] [php:warn] [pid 7488:tid 1852] [client ::1:61698] PHP Warning:  file_get_contents(C:\\Users\ruben\\Documents\\GitHub\\PSS-LABS\\LAB_#04\\API\x0ciles\temperatura\\hora.txt): Failed to open stream: No such file or directory in C:\\Users\\ruben\\Documents\\GitHub\\PSS-LABS\\LAB_#03\\www\\PSS\\dashboard.php on line 9, referer: http://localhost/PSS/
[Wed Oct 08 16:21:34.432682 2025] [php:warn] [pid 7488:tid 1852] [client ::1:61698] PHP Warning:  file_get_contents(LAB_#04/API/files/temperatura/nome.txt): Failed to open stream: No such file or directory in C:\\Users\\ruben\\Documents\\GitHub\\PSS-LABS\\LAB_#03\\www\\PSS\\dashboard.php on line 10, referer: http://localhost/PSS/
[Wed Oct 08 16:21:34.770375 2025] [php:warn] [pid 7488:tid 1852] [client ::1:61698] PHP Warning:  file_get_contents(LAB_#04/API/files/temperatura/valor.txt): Failed to open stream: No such file or directory in C:\\Users\\ruben\\Documents\\GitHub\\PSS-LABS\\LAB_#03\\www\\PSS\\dashboard.php on line 8, referer: http://localhost/PSS/
[Wed Oct 08 16:21:34.770375 2025] [php:warn] [pid 7488:tid 1852] [client ::1:61698] PHP Warning:  file_get_contents(C:\\Users\ruben\\Documents\\GitHub\\PSS-LABS\\LAB_#04\\API\x0ciles\temperatura\\hora.txt): Failed to open stream: No such file or directory in C:\\Users\\ruben\\Documents\\GitHub\\PSS-LABS\\LAB_#03\\www\\PSS\\dashboard.php on line 9, referer: http://localhost/PSS/
[Wed Oct 08 16:21:34.770375 2025] [php:warn] [pid 7488:tid 1852] [client ::1:61698] PHP Warning:  file_get_contents(LAB_#04/API/files/temperatura/nome.txt): Failed to open stream: No such file or directory in C:\\Users\\ruben\\Documents\\GitHub\\PSS-LABS\\LAB_#03\\www\\PSS\\dashboard.php on line 10, referer: http://localhost/PSS/
[Wed Oct 08 16:21:34.936776 2025] [php:warn] [pid 7488:tid 1852] [client ::1:61698] PHP Warning:  file_get_contents(LAB_#04/API/files/temperatura/valor.txt): Failed to open stream: No such file or directory in C:\\Users\\ruben\\Documents\\GitHub\\PSS-LABS\\LAB_#03\\www\\PSS\\dashboard.php on line 8, referer: http://localhost/PSS/
[Wed Oct 08 16:21:34.936776 2025] [php:warn] [pid 7488:tid 1852] [client ::1:61698] PHP Warning:  file_get_contents(C:\\Users\ruben\\Documents\\GitHub\\PSS-LABS\\LAB_#04\\API\x0ciles\temperatura\\hora.txt): Failed to open stream: No such file or directory in C:\\Users\\ruben\\Documents\\GitHub\\PSS-LABS\\LAB_#03\\www\\PSS\\dashboard.php on line 9, referer: http://localhost/PSS/
[Wed Oct 08 16:21:34.936776 2025] [php:warn] [pid 7488:tid 1852] [client ::1:61698] PHP Warning:  file_get_contents(LAB_#04/API/files/temperatura/nome.txt): Failed to open stream: No such file or directory in C:\\Users\\ruben\\Documents\\GitHub\\PSS-LABS\\LAB_#03\\www\\PSS\\dashboard.php on line 10, referer: http://localhost/PSS/
[Wed Oct 08 16:21:54.576308 2025] [php:warn] [pid 7488:tid 1852] [client ::1:58926] PHP Warning:  file_get_contents(LAB_#04/API/files/temperatura/valor.txt): Failed to open stream: No such file or directory in C:\\Users\\ruben\\Documents\\GitHub\\PSS-LABS\\LAB_#03\\www\\PSS\\dashboard.php on line 8, referer: http://localhost/PSS/
[Wed Oct 08 16:21:54.577138 2025] [php:warn] [pid 7488:tid 1852] [client ::1:58926] PHP Warning:  file_get_contents(LAB_#04/API/files/temperatura/hora.txt): Failed to open stream: No such file or directory in C:\\Users\\ruben\\Documents\\GitHub\\PSS-LABS\\LAB_#03\\www\\PSS\\dashboard.php on line 9, referer: http://localhost/PSS/
[Wed Oct 08 16:21:54.577571 2025] [php:warn] [pid 7488:tid 1852] [client ::1:58926] PHP Warning:  file_get_contents(LAB_#04/API/files/temperatura/nome.txt): Failed to open stream: No such file or directory in C:\\Users\\ruben\\Documents\\GitHub\\PSS-LABS\\LAB_#03\\www\\PSS\\dashboard.php on line 10, referer: http://localhost/PSS/
[Wed Oct 08 16:21:54.780352 2025] [php:warn] [pid 7488:tid 1852] [client ::1:58926] PHP Warning:  file_get_contents(LAB_#04/API/files/temperatura/valor.txt): Failed to open stream: No such file or directory in C:\\Users\\ruben\\Documents\\GitHub\\PSS-LABS\\LAB_#03\\www\\PSS\\dashboard.php on line 8, referer: http://localhost/PSS/
[Wed Oct 08 16:21:54.780352 2025] [php:warn] [pid 7488:tid 1852] [client ::1:58926] PHP Warning:  file_get_contents(LAB_#04/API/files/temperatura/hora.txt): Failed to open stream: No such file or directory in C:\\Users\\ruben\\Documents\\GitHub\\PSS-LABS\\LAB_#03\\www\\PSS\\dashboard.php on line 9, referer: http://localhost/PSS/
[Wed Oct 08 16:21:54.780352 2025] [php:warn] [pid 7488:tid 1852] [client ::1:58926] PHP Warning:  file_get_contents(LAB_#04/API/files/temperatura/nome.txt): Failed to open stream: No such file or directory in C:\\Users\\ruben\\Documents\\GitHub\\PSS-LABS\\LAB_#03\\www\\PSS\\dashboard.php on line 10, referer: http://localhost/PSS/
[Wed Oct 08 16:21:54.979465 2025] [php:warn] [pid 7488:tid 1852] [client ::1:58926] PHP Warning:  file_get_contents(LAB_#04/API/files/temperatura/valor.txt): Failed to open stream: No such file or directory in C:\\Users\\ruben\\Documents\\GitHub\\PSS-LABS\\LAB_#03\\www\\PSS\\dashboard.php on line 8, referer: http://localhost/PSS/
[Wed Oct 08 16:21:54.979465 2025] [php:warn] [pid 7488:tid 1852] [client ::1:58926] PHP Warning:  file_get_contents(LAB_#04/API/files/temperatura/hora.txt): Failed to open stream: No such file or directory in C:\\Users\\ruben\\Documents\\GitHub\\PSS-LABS\\LAB_#03\\www\\PSS\\dashboard.php on line 9, referer: http://localhost/PSS/
[Wed Oct 08 16:21:54.979465 2025] [php:warn] [pid 7488:tid 1852] [client ::1:58926] PHP Warning:  file_get_contents(LAB_#04/API/files/temperatura/nome.txt): Failed to open stream: No such file or directory in C:\\Users\\ruben\\Documents\\GitHub\\PSS-LABS\\LAB_#03\\www\\PSS\\dashboard.php on line 10, referer: http://localhost/PSS/
[Wed Oct 08 16:23:01.714908 2025] [php:warn] [pid 7488:tid 1852] [client ::1:49303] PHP Warning:  Undefined variable $valor_temperatura in C:\\Users\\ruben\\Documents\\GitHub\\PSS-LABS\\LAB_#03\\www\\PSS\\dashboard.php on line 70, referer: http://localhost/PSS/
[Wed Oct 08 16:23:01.843078 2025] [php:warn] [pid 7488:tid 1840] [client ::1:55481] PHP Warning:  Undefined variable $valor_temperatura in C:\\Users\\ruben\\Documents\\GitHub\\PSS-LABS\\LAB_#03\\www\\PSS\\dashboard.php on line 70, referer: http://localhost/PSS/
[Wed Oct 08 16:23:01.982704 2025] [php:warn] [pid 7488:tid 1856] [client ::1:54188] PHP Warning:  Undefined variable $valor_temperatura in C:\\Users\\ruben\\Documents\\GitHub\\PSS-LABS\\LAB_#03\\www\\PSS\\dashboard.php on line 70, referer: http://localhost/PSS/
[Wed Oct 08 16:23:02.703686 2025] [php:warn] [pid 7488:tid 1852] [client ::1:49303] PHP Warning:  Undefined variable $valor_temperatura in C:\\Users\\ruben\\Documents\\GitHub\\PSS-LABS\\LAB_#03\\www\\PSS\\dashboard.php on line 70, referer: http://localhost/PSS/
[Wed Oct 08 16:23:02.887419 2025] [php:warn] [pid 7488:tid 1848] [client ::1:59012] PHP Warning:  Undefined variable $valor_temperatura in C:\\Users\\ruben\\Documents\\GitHub\\PSS-LABS\\LAB_#03\\www\\PSS\\dashboard.php on line 70, referer: http://localhost/PSS/
[Wed Oct 08 16:23:03.067028 2025] [php:warn] [pid 7488:tid 1852] [client ::1:49303] PHP Warning:  Undefined variable $valor_temperatura in C:\\Users\\ruben\\Documents\\GitHub\\PSS-LABS\\LAB_#03\\www\\PSS\\dashboard.php on line 70, referer: http://localhost/PSS/
[Wed Oct 08 16:23:03.253129 2025] [php:warn] [pid 7488:tid 1840] [client ::1:55481] PHP Warning:  Undefined variable $valor_temperatura in C:\\Users\\ruben\\Documents\\GitHub\\PSS-LABS\\LAB_#03\\www\\PSS\\dashboard.php on line 70, referer: http://localhost/PSS/
[Wed Oct 08 16:23:03.413029 2025] [php:warn] [pid 7488:tid 1856] [client ::1:54188] PHP Warning:  Undefined variable $valor_temperatura in C:\\Users\\ruben\\Documents\\GitHub\\PSS-LABS\\LAB_#03\\www\\PSS\\dashboard.php on line 70, referer: http://localhost/PSS/
[Wed Oct 08 16:23:03.594843 2025] [php:warn] [pid 7488:tid 1852] [client ::1:49303] PHP Warning:  Undefined variable $valor_temperatura in C:\\Users\\ruben\\Documents\\GitHub\\PSS-LABS\\LAB_#03\\www\\PSS\\dashboard.php on line 70, referer: http://localhost/PSS/
[Wed Oct 08 16:23:03.761134 2025] [php:warn] [pid 7488:tid 1856] [client ::1:54188] PHP Warning:  Undefined variable $valor_temperatura in C:\\Users\\ruben\\Documents\\GitHub\\PSS-LABS\\LAB_#03\\www\\PSS\\dashboard.php on line 70, referer: http://localhost/PSS/
[Wed Oct 08 16:23:03.948651 2025] [php:warn] [pid 7488:tid 1848] [client ::1:59012] PHP Warning:  Undefined variable $valor_temperatura in C:\\Users\\ruben\\Documents\\GitHub\\PSS-LABS\\LAB_#03\\www\\PSS\\dashboard.php on line 70, referer: http://localhost/PSS/
[Wed Oct 08 16:23:04.106888 2025] [php:warn] [pid 7488:tid 1856] [client ::1:54188] PHP Warning:  Undefined variable $valor_temperatura in C:\\Users\\ruben\\Documents\\GitHub\\PSS-LABS\\LAB_#03\\www\\PSS\\dashboard.php on line 70, referer: http://localhost/PSS/
[Wed Oct 08 16:23:04.282222 2025] [php:warn] [pid 7488:tid 1848] [client ::1:59012] PHP Warning:  Undefined variable $valor_temperatura in C:\\Users\\ruben\\Documents\\GitHub\\PSS-LABS\\LAB_#03\\www\\PSS\\dashboard.php on line 70, referer: http://localhost/PSS/
[Wed Oct 08 16:23:04.474251 2025] [php:warn] [pid 7488:tid 1832] [client ::1:53162] PHP Warning:  Undefined variable $valor_temperatura in C:\\Users\\ruben\\Documents\\GitHub\\PSS-LABS\\LAB_#03\\www\\PSS\\dashboard.php on line 70, referer: http://localhost/PSS/
[Wed Oct 08 16:23:04.650401 2025] [php:warn] [pid 7488:tid 1848] [client ::1:59012] PHP Warning:  Undefined variable $valor_temperatura in C:\\Users\\ruben\\Documents\\GitHub\\PSS-LABS\\LAB_#03\\www\\PSS\\dashboard.php on line 70, referer: http://localhost/PSS/
[Wed Oct 08 16:23:04.816947 2025] [php:warn] [pid 7488:tid 1832] [client ::1:53162] PHP Warning:  Undefined variable $valor_temperatura in C:\\Users\\ruben\\Documents\\GitHub\\PSS-LABS\\LAB_#03\\www\\PSS\\dashboard.php on line 70, referer: http://localhost/PSS/
